[ERROR] 17-11-2023 18:42:32.678 [main] query - HHH90003001: Error in named query: Empleado.findAll
org.hibernate.query.sqm.UnknownEntityException: Could not resolve root entity 'Empleados'
	at org.hibernate.query.hql.internal.SemanticQueryBuilder.visitRootEntity(SemanticQueryBuilder.java:1629) ~[hibernate-core-6.1.3.Final.jar:6.1.3.Final]
	at org.hibernate.query.hql.internal.SemanticQueryBuilder.visitRootEntity(SemanticQueryBuilder.java:244) ~[hibernate-core-6.1.3.Final.jar:6.1.3.Final]
	at org.hibernate.grammars.hql.HqlParser$RootEntityContext.accept(HqlParser.java:1874) ~[hibernate-core-6.1.3.Final.jar:6.1.3.Final]
	at org.hibernate.query.hql.internal.SemanticQueryBuilder.visitEntityWithJoins(SemanticQueryBuilder.java:1549) ~[hibernate-core-6.1.3.Final.jar:6.1.3.Final]
	at org.hibernate.query.hql.internal.SemanticQueryBuilder.visitFromClause(SemanticQueryBuilder.java:1540) ~[hibernate-core-6.1.3.Final.jar:6.1.3.Final]
	at org.hibernate.query.hql.internal.SemanticQueryBuilder.visitQuery(SemanticQueryBuilder.java:834) ~[hibernate-core-6.1.3.Final.jar:6.1.3.Final]
	at org.hibernate.query.hql.internal.SemanticQueryBuilder.visitQuerySpecExpression(SemanticQueryBuilder.java:630) ~[hibernate-core-6.1.3.Final.jar:6.1.3.Final]
	at org.hibernate.query.hql.internal.SemanticQueryBuilder.visitQuerySpecExpression(SemanticQueryBuilder.java:244) ~[hibernate-core-6.1.3.Final.jar:6.1.3.Final]
	at org.hibernate.grammars.hql.HqlParser$QuerySpecExpressionContext.accept(HqlParser.java:1218) ~[hibernate-core-6.1.3.Final.jar:6.1.3.Final]
	at org.hibernate.query.hql.internal.SemanticQueryBuilder.visitSimpleQueryGroup(SemanticQueryBuilder.java:624) ~[hibernate-core-6.1.3.Final.jar:6.1.3.Final]
	at org.hibernate.query.hql.internal.SemanticQueryBuilder.visitSimpleQueryGroup(SemanticQueryBuilder.java:244) ~[hibernate-core-6.1.3.Final.jar:6.1.3.Final]
	at org.hibernate.grammars.hql.HqlParser$SimpleQueryGroupContext.accept(HqlParser.java:1131) ~[hibernate-core-6.1.3.Final.jar:6.1.3.Final]
	at org.hibernate.query.hql.internal.SemanticQueryBuilder.visitSelectStatement(SemanticQueryBuilder.java:400) ~[hibernate-core-6.1.3.Final.jar:6.1.3.Final]
	at org.hibernate.query.hql.internal.SemanticQueryBuilder.visitStatement(SemanticQueryBuilder.java:359) ~[hibernate-core-6.1.3.Final.jar:6.1.3.Final]
	at org.hibernate.query.hql.internal.SemanticQueryBuilder.buildSemanticModel(SemanticQueryBuilder.java:286) ~[hibernate-core-6.1.3.Final.jar:6.1.3.Final]
	at org.hibernate.query.hql.internal.StandardHqlTranslator.translate(StandardHqlTranslator.java:81) ~[hibernate-core-6.1.3.Final.jar:6.1.3.Final]
	at org.hibernate.query.internal.NamedObjectRepositoryImpl.lambda$checkNamedQueries$5(NamedObjectRepositoryImpl.java:225) ~[hibernate-core-6.1.3.Final.jar:6.1.3.Final]
	at org.hibernate.query.internal.QueryInterpretationCacheStandardImpl.createHqlInterpretation(QueryInterpretationCacheStandardImpl.java:141) ~[hibernate-core-6.1.3.Final.jar:6.1.3.Final]
	at org.hibernate.query.internal.QueryInterpretationCacheStandardImpl.resolveHqlInterpretation(QueryInterpretationCacheStandardImpl.java:128) ~[hibernate-core-6.1.3.Final.jar:6.1.3.Final]
	at org.hibernate.query.internal.NamedObjectRepositoryImpl.checkNamedQueries(NamedObjectRepositoryImpl.java:222) ~[hibernate-core-6.1.3.Final.jar:6.1.3.Final]
	at org.hibernate.internal.SessionFactoryImpl.<init>(SessionFactoryImpl.java:317) ~[hibernate-core-6.1.3.Final.jar:6.1.3.Final]
	at org.hibernate.boot.internal.SessionFactoryBuilderImpl.build(SessionFactoryBuilderImpl.java:415) ~[hibernate-core-6.1.3.Final.jar:6.1.3.Final]
	at org.hibernate.jpa.boot.internal.EntityManagerFactoryBuilderImpl.build(EntityManagerFactoryBuilderImpl.java:1425) ~[hibernate-core-6.1.3.Final.jar:6.1.3.Final]
	at org.hibernate.jpa.HibernatePersistenceProvider.createEntityManagerFactory(HibernatePersistenceProvider.java:55) ~[hibernate-core-6.1.3.Final.jar:6.1.3.Final]
	at jakarta.persistence.Persistence.createEntityManagerFactory(Persistence.java:80) ~[jakarta.persistence-api-3.0.0.jar:3.0.0]
	at jakarta.persistence.Persistence.createEntityManagerFactory(Persistence.java:55) ~[jakarta.persistence-api-3.0.0.jar:3.0.0]
	at db.HibernateManager.open(HibernateManager.java:32) ~[classes/:?]
	at view.Main.initDataBase(Main.java:49) ~[classes/:?]
	at view.Main.main(Main.java:13) ~[classes/:?]
[ERROR] 17-11-2023 18:45:57.181 [main] query - HHH90003001: Error in named query: Empleado.findAll
org.hibernate.query.SemanticException: A query exception occurred [SELECT * FROM Empleado e]
	at org.hibernate.query.hql.internal.StandardHqlTranslator.parseHql(StandardHqlTranslator.java:130) ~[hibernate-core-6.1.3.Final.jar:6.1.3.Final]
	at org.hibernate.query.hql.internal.StandardHqlTranslator.translate(StandardHqlTranslator.java:77) ~[hibernate-core-6.1.3.Final.jar:6.1.3.Final]
	at org.hibernate.query.internal.NamedObjectRepositoryImpl.lambda$checkNamedQueries$5(NamedObjectRepositoryImpl.java:225) ~[hibernate-core-6.1.3.Final.jar:6.1.3.Final]
	at org.hibernate.query.internal.QueryInterpretationCacheStandardImpl.createHqlInterpretation(QueryInterpretationCacheStandardImpl.java:141) ~[hibernate-core-6.1.3.Final.jar:6.1.3.Final]
	at org.hibernate.query.internal.QueryInterpretationCacheStandardImpl.resolveHqlInterpretation(QueryInterpretationCacheStandardImpl.java:128) ~[hibernate-core-6.1.3.Final.jar:6.1.3.Final]
	at org.hibernate.query.internal.NamedObjectRepositoryImpl.checkNamedQueries(NamedObjectRepositoryImpl.java:222) ~[hibernate-core-6.1.3.Final.jar:6.1.3.Final]
	at org.hibernate.internal.SessionFactoryImpl.<init>(SessionFactoryImpl.java:317) ~[hibernate-core-6.1.3.Final.jar:6.1.3.Final]
	at org.hibernate.boot.internal.SessionFactoryBuilderImpl.build(SessionFactoryBuilderImpl.java:415) ~[hibernate-core-6.1.3.Final.jar:6.1.3.Final]
	at org.hibernate.jpa.boot.internal.EntityManagerFactoryBuilderImpl.build(EntityManagerFactoryBuilderImpl.java:1425) ~[hibernate-core-6.1.3.Final.jar:6.1.3.Final]
	at org.hibernate.jpa.HibernatePersistenceProvider.createEntityManagerFactory(HibernatePersistenceProvider.java:55) ~[hibernate-core-6.1.3.Final.jar:6.1.3.Final]
	at jakarta.persistence.Persistence.createEntityManagerFactory(Persistence.java:80) ~[jakarta.persistence-api-3.0.0.jar:3.0.0]
	at jakarta.persistence.Persistence.createEntityManagerFactory(Persistence.java:55) ~[jakarta.persistence-api-3.0.0.jar:3.0.0]
	at db.HibernateManager.open(HibernateManager.java:32) ~[classes/:?]
	at view.Main.initDataBase(Main.java:49) ~[classes/:?]
	at view.Main.main(Main.java:13) ~[classes/:?]
Caused by: org.hibernate.query.sqm.ParsingException: line 1:7 no viable alternative at input 'SELECT*'
	at org.hibernate.query.hql.internal.StandardHqlTranslator$1.syntaxError(StandardHqlTranslator.java:46) ~[hibernate-core-6.1.3.Final.jar:6.1.3.Final]
	at org.antlr.v4.runtime.ProxyErrorListener.syntaxError(ProxyErrorListener.java:41) ~[antlr4-runtime-4.10.jar:4.10]
	at org.antlr.v4.runtime.Parser.notifyErrorListeners(Parser.java:543) ~[antlr4-runtime-4.10.jar:4.10]
	at org.antlr.v4.runtime.DefaultErrorStrategy.reportNoViableAlternative(DefaultErrorStrategy.java:310) ~[antlr4-runtime-4.10.jar:4.10]
	at org.antlr.v4.runtime.DefaultErrorStrategy.reportError(DefaultErrorStrategy.java:136) ~[antlr4-runtime-4.10.jar:4.10]
	at org.hibernate.grammars.hql.HqlParser.queryExpression(HqlParser.java:1180) ~[hibernate-core-6.1.3.Final.jar:6.1.3.Final]
	at org.hibernate.grammars.hql.HqlParser.selectStatement(HqlParser.java:382) ~[hibernate-core-6.1.3.Final.jar:6.1.3.Final]
	at org.hibernate.grammars.hql.HqlParser.statement(HqlParser.java:313) ~[hibernate-core-6.1.3.Final.jar:6.1.3.Final]
	at org.hibernate.query.hql.internal.StandardHqlTranslator.parseHql(StandardHqlTranslator.java:116) ~[hibernate-core-6.1.3.Final.jar:6.1.3.Final]
	... 14 more
[ERROR] 19-11-2023 13:44:37.039 [main] AssertionFailure - HHH000099: an assertion failure occurred (this may indicate a bug in Hibernate, but is more likely due to unsafe use of the session): org.hibernate.AssertionFailure: force initializing collection loading
[ERROR] 19-11-2023 13:47:27.803 [main] AssertionFailure - HHH000099: an assertion failure occurred (this may indicate a bug in Hibernate, but is more likely due to unsafe use of the session): org.hibernate.AssertionFailure: force initializing collection loading
[ERROR] 19-11-2023 13:58:16.130 [main] AssertionFailure - HHH000099: an assertion failure occurred (this may indicate a bug in Hibernate, but is more likely due to unsafe use of the session): org.hibernate.AssertionFailure: force initializing collection loading
[ERROR] 24-11-2023 09:24:42.329 [main] SqlExceptionHelper - Violación de una restricción de Integridad Referencial: "FKSND1B2O5GCMG47A6X6RRN6FDE: PUBLIC.MPLEADOS FOREIGN KEY(DEPARTAMENTO_ID) REFERENCES PUBLIC.DEPARTAMENTO(DEPARTAMENTO_ID) (1)"
Referential integrity constraint violation: "FKSND1B2O5GCMG47A6X6RRN6FDE: PUBLIC.MPLEADOS FOREIGN KEY(DEPARTAMENTO_ID) REFERENCES PUBLIC.DEPARTAMENTO(DEPARTAMENTO_ID) (1)"; SQL statement:
delete from Departamento where departamento_id=? [23503-214]
